<?xml version="1.0" encoding="UTF-8"?>
<!-- Generated by org.testng.reporters.JUnitReportReporter -->
<testsuite hostname="Aravindhan" name="com.qa.runner.TestRunner" tests="1" failures="0" timestamp="4 Jul 2020 07:52:21 GMT" time="8.893" errors="0">
  <testcase name="feature" time="8.893" classname="com.qa.runner.TestRunner"/>
</testsuite> <!-- com.qa.runner.TestRunner -->
